[2025-03-14 19:32:59] app.INFO: New Request Received {"method":"GET","uri":"/test"} []


[2025-03-14 20:36:47] app.INFO: New Request Received {"method":"GET","uri":"/ping"} []
[2025-03-14 20:40:53] app.INFO: New Request Received {"method":"GET","uri":"/ping"} []
[2025-03-14 21:18:22] app.INFO: New Request Received {"method":"GET","uri":"/v1/ping"} []
[2025-03-15 12:02:38] app.INFO: New Request Received {"method":"GET","uri":"/test"} []
[2025-03-15 14:05:50] app.INFO: New Request Received {"method":"POST","uri":"/v1/animations"} []
[2025-03-15 14:08:00] app.INFO: New Request Received {"method":"POST","uri":"/v1/animations"} []
[2025-03-15 15:00:27] app.INFO: New Request Received {"method":"GET","uri":"/v1/animations/1"} []
[2025-03-15 15:01:27] app.INFO: New Request Received {"method":"GET","uri":"/v1/animations/1"} []
[2025-03-15 15:02:30] app.INFO: New Request Received {"method":"GET","uri":"/v1/animations/1"} []
[2025-03-15 15:04:05] app.INFO: New Request Received {"method":"GET","uri":"/v1/animations/0"} []
[2025-03-15 15:05:58] app.INFO: New Request Received {"method":"GET","uri":"/v1/animations/0"} []
[2025-03-15 15:06:06] app.INFO: New Request Received {"method":"GET","uri":"/v1/animations/0"} []
[2025-03-15 15:06:17] app.INFO: New Request Received {"method":"GET","uri":"/v1/animations/0"} []
[2025-03-15 15:11:18] app.INFO: New Request Received {"method":"OTPIONS","uri":"/v1/animations/0"} []
[2025-03-15 15:11:28] app.INFO: New Request Received {"method":"OTPIONS","uri":"/v1/animations/1"} []
[2025-03-15 15:11:41] app.INFO: New Request Received {"method":"OPTIONS","uri":"/v1/animations/1"} []
[2025-03-15 15:11:50] app.INFO: New Request Received {"method":"OPTIONS","uri":"/v1/animations/1"} []
[2025-03-15 15:12:41] app.INFO: New Request Received {"method":"GET","uri":"/v1/animations/0"} []
[2025-03-15 15:14:26] app.INFO: New Request Received {"method":"GET","uri":"/v1/animations/hello"} []
[2025-03-15 15:14:50] app.INFO: New Request Received {"method":"PUT","uri":"/v1/animations/1"} []
[2025-03-15 15:35:35] app.INFO: New Request Received {"method":"GET","uri":"/v1/ping"} []
[2025-03-15 15:38:28] app.INFO: New Request Received {"method":"GET","uri":"/v1/ping"} []
[2025-03-15 17:10:33] app.INFO: New Request Received {"method":"GET","uri":"/v1/ping"} []
[2025-03-15 17:11:45] app.INFO: New Request Received {"method":"GET","uri":"/v1/ping"} []
[2025-03-15 18:07:22] app.INFO: New Request Received {"method":"GET","uri":"/v1/animations/4"} []
[2025-03-15 18:09:11] app.INFO: New Request Received {"method":"GET","uri":"/v1/animations/4"} []
[2025-03-15 18:09:17] app.INFO: New Request Received {"method":"GET","uri":"/v1/animations/4"} []
[2025-03-15 18:11:11] app.INFO: New Request Received {"method":"GET","uri":"/v1/animations/4"} []
[2025-03-15 18:34:00] app.INFO: New Request Received {"method":"GET","uri":"/v1/animations/0"} []
[2025-03-16 11:34:20] app.INFO: New Request Received {"method":"POST","uri":"/v1/animations"} []
[2025-03-16 11:35:00] app.INFO: New Request Received {"method":"POST","uri":"/v1/animations"} []
[2025-03-16 11:36:13] app.INFO: New Request Received {"method":"POST","uri":"/v1/animations"} []
[2025-03-16 11:36:34] app.INFO: New Request Received {"method":"POST","uri":"/v1/animations"} []
[2025-03-16 12:28:16] app.INFO: New Request Received {"method":"POST","uri":"/v1/animations"} []
[2025-03-16 12:28:19] app.INFO: New Request Received {"method":"POST","uri":"/v1/animations"} []
[2025-03-16 12:28:39] app.INFO: New Request Received {"method":"POST","uri":"/v1/animations"} []
[2025-03-16 12:31:56] app.INFO: New Request Received {"method":"POST","uri":"/v1/animations"} []
[2025-03-16 12:34:07] app.INFO: New Request Received {"method":"POST","uri":"/v1/animations"} []
[2025-03-16 12:34:19] app.INFO: New Request Received {"method":"POST","uri":"/v1/animations"} []
[2025-03-16 12:35:32] app.INFO: New Request Received {"method":"POST","uri":"/v1/animations"} []
[2025-03-16 12:35:33] app.INFO: New Request Received {"method":"POST","uri":"/v1/animations"} []
[2025-03-16 12:36:19] app.INFO: New Request Received {"method":"POST","uri":"/v1/animations"} []
[2025-03-16 12:37:49] app.INFO: New Request Received {"method":"POST","uri":"/v1/animations"} []
[2025-03-16 12:40:42] app.INFO: New Request Received {"method":"POST","uri":"/v1/animations"} []
[2025-03-16 12:41:06] app.INFO: New Request Received {"method":"POST","uri":"/v1/animations"} []
[2025-03-16 12:42:13] app.INFO: New Request Received {"method":"POST","uri":"/v1/animations"} []
[2025-03-16 12:43:57] app.INFO: New Request Received {"method":"POST","uri":"/v1/animations"} []
[2025-03-16 12:47:17] app.INFO: New Request Received {"method":"POST","uri":"/v1/animations"} []
[2025-03-16 12:48:12] app.INFO: New Request Received {"method":"POST","uri":"/v1/animations"} []
[2025-03-16 12:50:36] app.INFO: New Request Received {"method":"POST","uri":"/v1/animations"} []
[2025-03-16 12:51:24] app.INFO: New Request Received {"method":"POST","uri":"/v1/animations"} []
[2025-03-16 12:52:06] app.INFO: New Request Received {"method":"POST","uri":"/v1/animations"} []
[2025-03-16 12:52:17] app.INFO: New Request Received {"method":"POST","uri":"/v1/animations"} []
[2025-03-16 12:52:52] app.INFO: New Request Received {"method":"POST","uri":"/v1/animations"} []
[2025-03-16 12:53:25] app.INFO: New Request Received {"method":"POST","uri":"/v1/animations"} []
[2025-03-16 12:55:23] app.INFO: New Request Received {"method":"POST","uri":"/v1/animations"} []
[2025-03-16 12:56:13] app.INFO: New Request Received {"method":"POST","uri":"/v1/animations"} []
[2025-03-16 16:47:55] app.INFO: New Request Received {"method":"GET","uri":"/v1/ping"} []
[2025-03-16 16:48:13] app.INFO: New Request Received {"method":"GET","uri":"/v1/ping"} []
[2025-03-18 09:53:05] app.INFO: New Request Received {"method":"POST","uri":"/v1/animations"} []
[2025-03-18 09:54:45] app.INFO: New Request Received {"method":"POST","uri":"/v1/animations"} []
[2025-03-18 09:57:40] app.INFO: New Request Received {"method":"POST","uri":"/v1/animations"} []
[2025-03-18 10:16:57] app.INFO: New Request Received {"method":"GET","uri":"/v1/animations/1"} []
[2025-03-18 10:17:01] app.INFO: New Request Received {"method":"GET","uri":"/v1/animations/2"} []
[2025-03-18 10:17:54] app.INFO: New Request Received {"method":"GET","uri":"/v1/animations/100"} []
[2025-03-18 11:38:57] app.INFO: New Request Received {"method":"PUT","uri":"/v1/animations/3"} []
[2025-03-18 11:39:53] app.INFO: New Request Received {"method":"PUT","uri":"/v1/animations/3"} []
[2025-03-18 11:40:34] app.INFO: New Request Received {"method":"PUT","uri":"/v1/animations/3"} []
[2025-03-18 11:41:17] app.INFO: New Request Received {"method":"GET","uri":"/v1/animations/3"} []
[2025-03-18 12:09:45] app.INFO: New Request Received {"method":"POST","uri":"/v1/animations"} []
[2025-03-18 12:10:02] app.INFO: New Request Received {"method":"DELETE","uri":"/v1/animations/4"} []
[2025-03-19 19:54:25] app.INFO: New Request Received {"method":"PUT","uri":"/v1/animations/1"} []
[2025-03-19 19:59:17] app.INFO: New Request Received {"method":"PUT","uri":"/v1/animations/1"} []
[2025-03-19 19:59:39] app.INFO: New Request Received {"method":"PATCH","uri":"/v1/animations/1"} []
[2025-03-20 09:30:29] app.INFO: New Request Received {"method":"GET","uri":"/v1/emails/test"} []
[2025-03-20 10:33:14] app.INFO: New Request Received {"method":"GET","uri":"/v1/emails/test"} []
[2025-03-20 10:33:14] app.INFO: New Request Received {"method":"GET","uri":"/favicon.ico"} []
[2025-03-20 10:33:24] app.INFO: New Request Received {"method":"GET","uri":"/v1/emails/test"} []
[2025-03-21 13:03:17] app.INFO: New Request Received {"method":"GET","uri":"/v1/emails/test"} []
[2025-03-23 14:40:30] app.INFO: New Request Received {"method":"GET","uri":"/v1/animations?title=DANDADAN&genres=shonen,battle&page=1&page_size=5&sort=year"} []
[2025-03-23 14:40:42] app.INFO: New Request Received {"method":"GET","uri":"/v1/animations?title=DANDADAN&genres=shonen,battle&page=1&page_size=5&sort=year"} []
[2025-03-23 14:43:56] app.INFO: New Request Received {"method":"GET","uri":"/v1/animations"} []
[2025-03-23 15:08:29] app.INFO: New Request Received {"method":"GET","uri":"/v1/animations?page=-1"} []
[2025-03-23 15:09:05] app.INFO: New Request Received {"method":"GET","uri":"/v1/animations?sort=foo"} []
[2025-03-23 15:09:39] app.INFO: New Request Received {"method":"GET","uri":"/v1/animations?page_size=-1"} []
[2025-03-23 15:09:48] app.INFO: New Request Received {"method":"GET","uri":"/v1/animations?page_size=101"} []
[2025-03-23 15:45:23] app.INFO: New Request Received {"method":"GET","uri":"/v1/animations"} []
[2025-03-23 16:10:55] app.INFO: New Request Received {"method":"GET","uri":"/v1/animations?title=Yu+Yu+Hakusho"} []
[2025-03-23 16:14:11] app.INFO: New Request Received {"method":"GET","uri":"/v1/animations?title=yu+yu+Hakusho"} []
[2025-03-23 16:14:18] app.INFO: New Request Received {"method":"GET","uri":"/v1/animations?title=Hakusho"} []
[2025-03-23 16:25:53] app.INFO: New Request Received {"method":"GET","uri":"/v1/animations?title=Hakusho"} []
[2025-03-23 16:25:58] app.INFO: New Request Received {"method":"GET","uri":"/v1/animations?title=hakusho"} []
[2025-03-23 16:49:58] app.INFO: New Request Received {"method":"GET","uri":"/v1/animations?page_size=2"} []
[2025-03-23 16:51:02] app.INFO: New Request Received {"method":"GET","uri":"/v1/animations?page_size=2&page=2"} []
[2025-03-23 16:51:27] app.INFO: New Request Received {"method":"GET","uri":"/v1/animations?page_size=2&page=3"} []
[2025-03-23 19:04:45] app.INFO: New Request Received {"method":"GET","uri":"/v1/animations?page_size=2&page=3"} []
[2025-03-23 19:06:21] app.INFO: New Request Received {"method":"GET","uri":"/v1/animations?page_size=2&page=3"} []
[2025-03-23 19:06:21] app.INFO: New Request Received {"method":"GET","uri":"/v1/animations?page_size=2&page=3"} []
[2025-03-23 19:06:21] app.INFO: New Request Received {"method":"GET","uri":"/v1/animations?page_size=2&page=3"} []
[2025-03-23 19:06:22] app.INFO: New Request Received {"method":"GET","uri":"/v1/animations?page_size=2&page=3"} []
[2025-03-23 19:06:22] app.INFO: New Request Received {"method":"GET","uri":"/v1/animations?page_size=2&page=3"} []
[2025-03-23 19:06:22] app.INFO: New Request Received {"method":"GET","uri":"/v1/animations?page_size=2&page=3"} []
[2025-03-23 19:06:22] app.INFO: New Request Received {"method":"GET","uri":"/v1/animations?page_size=2&page=3"} []
[2025-03-23 19:06:22] app.INFO: New Request Received {"method":"GET","uri":"/v1/animations?page_size=2&page=3"} []
[2025-03-23 19:06:23] app.INFO: New Request Received {"method":"GET","uri":"/v1/animations?page_size=2&page=3"} []
[2025-03-23 19:06:23] app.INFO: New Request Received {"method":"GET","uri":"/v1/animations?page_size=2&page=3"} []
[2025-03-23 19:06:23] app.INFO: New Request Received {"method":"GET","uri":"/v1/animations?page_size=2&page=3"} []
[2025-03-23 19:06:23] app.INFO: New Request Received {"method":"GET","uri":"/v1/animations?page_size=2&page=3"} []
[2025-03-23 19:06:23] app.INFO: New Request Received {"method":"GET","uri":"/v1/animations?page_size=2&page=3"} []
[2025-03-23 19:06:24] app.INFO: New Request Received {"method":"GET","uri":"/v1/animations?page_size=2&page=3"} []
[2025-03-23 19:06:24] app.INFO: New Request Received {"method":"GET","uri":"/v1/animations?page_size=2&page=3"} []
[2025-03-23 19:06:24] app.INFO: New Request Received {"method":"GET","uri":"/v1/animations?page_size=2&page=3"} []
[2025-03-23 19:06:24] app.INFO: New Request Received {"method":"GET","uri":"/v1/animations?page_size=2&page=3"} []
[2025-03-23 19:06:25] app.INFO: New Request Received {"method":"GET","uri":"/v1/animations?page_size=2&page=3"} []
[2025-03-23 19:06:25] app.INFO: New Request Received {"method":"GET","uri":"/v1/animations?page_size=2&page=3"} []
[2025-03-23 19:06:33] app.INFO: New Request Received {"method":"GET","uri":"/v1/animations?page_size=2&page=3"} []
[2025-03-23 19:06:34] app.INFO: New Request Received {"method":"GET","uri":"/v1/animations?page_size=2&page=3"} []
[2025-03-23 19:06:34] app.INFO: New Request Received {"method":"GET","uri":"/v1/animations?page_size=2&page=3"} []
[2025-03-23 19:06:35] app.INFO: New Request Received {"method":"GET","uri":"/v1/animations?page_size=2&page=3"} []
[2025-03-23 19:06:35] app.INFO: New Request Received {"method":"GET","uri":"/v1/animations?page_size=2&page=3"} []
[2025-03-23 19:06:35] app.INFO: New Request Received {"method":"GET","uri":"/v1/animations?page_size=2&page=3"} []
[2025-03-23 19:06:36] app.INFO: New Request Received {"method":"GET","uri":"/v1/animations?page_size=2&page=3"} []
[2025-03-23 19:06:36] app.INFO: New Request Received {"method":"GET","uri":"/v1/animations?page_size=2&page=3"} []
[2025-03-23 19:06:36] app.INFO: New Request Received {"method":"GET","uri":"/v1/animations?page_size=2&page=3"} []
[2025-03-23 19:06:37] app.INFO: New Request Received {"method":"GET","uri":"/v1/animations?page_size=2&page=3"} []
[2025-03-23 19:06:37] app.INFO: New Request Received {"method":"GET","uri":"/v1/animations?page_size=2&page=3"} []
[2025-03-24 12:34:56] app.INFO: New Request Received {"method":"POST","uri":"/v1/users"} []
[2025-03-24 12:35:16] app.INFO: New Request Received {"method":"POST","uri":"/v1/animations"} []
[2025-03-24 12:35:34] app.INFO: New Request Received {"method":"POST","uri":"/v1/users"} []
[2025-03-24 12:40:59] app.INFO: New Request Received {"method":"POST","uri":"/v1/users"} []
[2025-03-24 12:41:26] app.INFO: New Request Received {"method":"POST","uri":"/v1/users"} []
[2025-03-24 14:19:22] app.INFO: New Request Received {"method":"POST","uri":"/v1/users"} []
[2025-03-24 16:54:49] app.INFO: New Request Received {"method":"PUT","uri":"/v1/users/activated"} []
[2025-03-24 16:56:49] app.INFO: New Request Received {"method":"PUT","uri":"/v1/users/activated"} []
[2025-03-24 16:58:58] app.INFO: New Request Received {"method":"PUT","uri":"/v1/users/activated"} []
[2025-03-24 17:01:26] app.INFO: New Request Received {"method":"PUT","uri":"/v1/users/activated"} []
[2025-03-24 19:51:19] app.INFO: New Request Received {"method":"POST","uri":"/v1/tokens/authentication"} []
[2025-03-24 19:52:40] app.INFO: New Request Received {"method":"POST","uri":"/v1/tokens/authentication"} []
[2025-03-24 20:14:49] app.INFO: New Request Received {"method":"GET","uri":"/v1/ping"} []
[2025-03-24 20:17:49] app.INFO: New Request Received {"method":"GET","uri":"/v1/ping"} []
[2025-03-24 20:18:27] app.INFO: New Request Received {"method":"GET","uri":"/v1/ping"} []
[2025-03-25 07:04:23] app.INFO: New Request Received {"method":"GET","uri":"/v1/animations/1"} []
[2025-03-25 07:08:14] app.INFO: New Request Received {"method":"POST","uri":"/v1/tokens/authentication"} []
[2025-03-25 07:10:09] app.INFO: New Request Received {"method":"GET","uri":"/v1/animations/1"} []
[2025-03-25 07:13:45] app.INFO: New Request Received {"method":"POST","uri":"/v1/tokens/authentication"} []
[2025-03-25 07:14:51] app.INFO: New Request Received {"method":"GET","uri":"/v1/animations/1"} []
[2025-03-25 13:03:53] app.INFO: New Request Received {"method":"POST","uri":"/v1/tokens/authentication"} []
[2025-03-25 13:04:52] app.INFO: New Request Received {"method":"POST","uri":"/v1/tokens/authentication"} []
[2025-03-25 13:05:10] app.INFO: New Request Received {"method":"POST","uri":"/v1/tokens/authentication"} []
[2025-03-25 13:05:45] app.INFO: New Request Received {"method":"POST","uri":"/v1/tokens/authentication"} []
[2025-03-25 13:06:43] app.INFO: New Request Received {"method":"GET","uri":"/v1/animations/1"} []
[2025-03-25 13:08:11] app.INFO: New Request Received {"method":"GET","uri":"/v1/animations/1"} []
[2025-03-25 13:09:25] app.INFO: New Request Received {"method":"DELETE-H","uri":"/v1/animations/1"} []
[2025-03-25 13:09:35] app.INFO: New Request Received {"method":"DELETE","uri":"/v1/animations/1"} []
[2025-03-25 13:24:39] app.INFO: New Request Received {"method":"GET","uri":"/v1/animations/1"} []
[2025-03-25 13:24:45] app.INFO: New Request Received {"method":"POST","uri":"/v1/tokens/authentication"} []
[2025-03-25 13:25:30] app.INFO: New Request Received {"method":"GET","uri":"/v1/animations/1"} []
[2025-03-25 13:25:45] app.INFO: New Request Received {"method":"DELETE","uri":"/v1/animations/1"} []
[2025-03-25 13:25:54] app.INFO: New Request Received {"method":"DELETE","uri":"/v1/animations/1"} []
[2025-03-25 13:40:04] app.INFO: New Request Received {"method":"POST","uri":"/v1/users"} []
[2025-03-25 14:48:36] app.INFO: New Request Received {"method":"GET","uri":"/v1/ping"} []
[2025-03-25 14:48:44] app.INFO: New Request Received {"method":"GET","uri":"/v1/ping"} []
[2025-03-25 15:10:17] app.INFO: New Request Received {"method":"GET","uri":"/v1/ping"} []
[2025-03-25 15:22:19] app.INFO: New Request Received {"method":"GET","uri":"/v1/ping"} []
[2025-03-25 15:22:34] app.INFO: New Request Received {"method":"GET","uri":"/v1/ping"} []
[2025-03-25 15:31:40] app.INFO: New Request Received {"method":"GET","uri":"/v1/tokens/authentication"} []
[2025-03-25 15:32:43] app.INFO: New Request Received {"method":"OPTIONS","uri":"/v1/tokens/authentication"} []
[2025-03-25 15:33:14] app.INFO: New Request Received {"method":"OPTIONS","uri":"/v1/tokens/authentication"} []
[2025-03-25 16:42:04] app.INFO: New Request Received {"method":"POST","uri":"/v1/tokens/authentication"} []
